mode: set
my_go_demo/learn_go2/container/nonrepeating/nonrepeatingsubstr.go:19.47,23.31 4 1
my_go_demo/learn_go2/container/nonrepeating/nonrepeatingsubstr.go:32.2,32.18 1 1
my_go_demo/learn_go2/container/nonrepeating/nonrepeatingsubstr.go:23.31,24.58 1 1
my_go_demo/learn_go2/container/nonrepeating/nonrepeatingsubstr.go:27.3,27.32 1 1
my_go_demo/learn_go2/container/nonrepeating/nonrepeatingsubstr.go:30.3,30.23 1 1
my_go_demo/learn_go2/container/nonrepeating/nonrepeatingsubstr.go:24.58,26.4 1 1
my_go_demo/learn_go2/container/nonrepeating/nonrepeatingsubstr.go:27.32,29.4 1 1
my_go_demo/learn_go2/container/nonrepeating/nonrepeatingsubstr.go:35.13,45.2 8 0
